<?xml version="1.0" encoding="UTF-8"?>
<testsuite xmlns:xsi="http://www.w3.org/2001/XMLSchema-instance" xsi:noNamespaceSchemaLocation="https://maven.apache.org/surefire/maven-surefire-plugin/xsd/surefire-test-report.xsd" name="pricerComaprison.HibernateTest" time="6.697" tests="5" errors="1" skipped="0" failures="0">
  <properties>
[...]
</properties>
  <testcase name="sessionFactoryTest" classname="pricerComaprison.HibernateTest" time="2.628"/>
  <testcase name="scraperListTest" classname="pricerComaprison.HibernateTest" time="0.643"/>
  <testcase name="deleteTVTest" classname="pricerComaprison.HibernateTest" time="2.451"/>
  <testcase name="runningThreadsTest" classname="pricerComaprison.HibernateTest" time="0.147"/>
  <testcase name="saveTVTest" classname="pricerComaprison.HibernateTest" time="0.802">
    <error message="Index 0 out of bounds for length 0" type="java.lang.IndexOutOfBoundsException">java.lang.IndexOutOfBoundsException: Index 0 out of bounds for length 0
	at pricerComaprison.HibernateTest.saveTVTest(HibernateTest.java:164)
</error>
    <system-out><![CDATA[Session factory built.
Page .1

Page .1

Hibernate: select bikes0_.id as id1_0_, bikes0_.brand as brand2_0_, bikes0_.description as descript3_0_, bikes0_.image as image4_0_, bikes0_.name as name5_0_ from bikes bikes0_ where bikes0_.brand=? and bikes0_.name=?
Hibernate: select bikes0_.id as id1_0_, bikes0_.brand as brand2_0_, bikes0_.description as descript3_0_, bikes0_.image as image4_0_, bikes0_.name as name5_0_ from bikes bikes0_ where bikes0_.description=? and bikes0_.image=?
Bike is already in bikes table
]]></system-out>
    <system-err><![CDATA[Dec 15, 2023 3:35:08 PM org.hibernate.engine.jdbc.connections.internal.DriverManagerConnectionProviderImpl configure
WARN: HHH10001002: Using Hibernate built-in connection pool (not for production use!)
Dec 15, 2023 3:35:08 PM org.hibernate.engine.jdbc.connections.internal.DriverManagerConnectionProviderImpl buildCreator
INFO: HHH10001005: using driver [com.mysql.jdbc.Driver] at URL [jdbc:mysql://localhost:3306/cst3130_cw1?serverTimezone=UTC]
Dec 15, 2023 3:35:08 PM org.hibernate.engine.jdbc.connections.internal.DriverManagerConnectionProviderImpl buildCreator
INFO: HHH10001001: Connection properties: {password=****, user=root}
Dec 15, 2023 3:35:08 PM org.hibernate.engine.jdbc.connections.internal.DriverManagerConnectionProviderImpl buildCreator
INFO: HHH10001003: Autocommit mode: false
Dec 15, 2023 3:35:08 PM org.hibernate.engine.jdbc.connections.internal.DriverManagerConnectionProviderImpl$PooledConnections <init>
INFO: HHH000115: Hibernate connection pool size: 10 (min=1)
Dec 15, 2023 3:35:08 PM org.hibernate.dialect.Dialect <init>
INFO: HHH000400: Using dialect: org.hibernate.dialect.MySQLDialect
]]></system-err>
  </testcase>
</testsuite>